[psisyn.com/index.html]
[backblue.gif]
[fade.gif]
[index.html]
[psisyn.com/favicon.ico]
[psisyn.com/images/avatar.jpg]
[psisyn.com/js/index.js]
[psisyn.com/index.html]
[psisyn.com/images/bg.jpg]
[psisyn.com/assets/css/main.css]
[psisyn.com/assets/css/noscript.css]
[cdnjs.cloudflare.com/ajax/libs/jquery/2.1.3/jquery.min.js]
[psisyn.com/assets/fonts/fontawesome-webfont93e393e3.eot]
[psisyn.com/assets/fonts/fontawesome-webfontd41dd41d.eot]
[psisyn.com/assets/fonts/fontawesome-webfont93e393e3.html]
[psisyn.com/assets/fonts/fontawesome-webfont93e393e3.woff]
[psisyn.com/assets/fonts/fontawesome-webfont93e393e3.ttf]
[psisyn.com/assets/css/font-awesome.min.css]
[psisyn.com/assets/fonts/fontawesome-webfont93e393e3.html]
[psisyn.com/assets/fonts/fontawesome-webfont93e393e3.svg]
